2025-05-12 10:14:28 - Thread ProxyTimeout_13b8169c_676c_43e0_bb64_038a62c64d3f_passive_get_counter started!
2025-05-12 10:14:28 - Thread ProxyTimeout_13b8169c_676c_43e0_bb64_038a62c64d3f_passive_incr_counter started!
2025-05-12 10:14:33 - ProxyTimeout_13b8169c_676c_43e0_bb64_038a62c64d3f_passive_get_counter failed due to IOException: Read timed out
2025-05-12 10:14:33 - ProxyTimeout_13b8169c_676c_43e0_bb64_038a62c64d3f_passive_incr_counter failed due to IOException: Read timed out
2025-05-12 10:14:34 - ProxyTimeout_13b8169c_676c_43e0_bb64_038a62c64d3f_passive_get_counter - REQUEST-STATUS{200}-REQUEST-MESSAGE{6}
2025-05-12 10:14:35 - ProxyTimeout_13b8169c_676c_43e0_bb64_038a62c64d3f_passive_get_counter - REQUEST-STATUS{200}-REQUEST-MESSAGE{6}
2025-05-12 10:14:35 - ProxyTimeout_13b8169c_676c_43e0_bb64_038a62c64d3f_passive_get_counter - REQUEST-STATUS{200}-REQUEST-MESSAGE{6}
2025-05-12 10:14:36 - ProxyTimeout_13b8169c_676c_43e0_bb64_038a62c64d3f_passive_get_counter - REQUEST-STATUS{200}-REQUEST-MESSAGE{6}
2025-05-12 10:14:36 - ProxyTimeout_13b8169c_676c_43e0_bb64_038a62c64d3f_passive_get_counter - REQUEST-STATUS{200}-REQUEST-MESSAGE{6}
2025-05-12 10:14:37 - ProxyTimeout_13b8169c_676c_43e0_bb64_038a62c64d3f_passive_get_counter - REQUEST-STATUS{200}-REQUEST-MESSAGE{6}
2025-05-12 10:14:37 - ProxyTimeout_13b8169c_676c_43e0_bb64_038a62c64d3f_passive_get_counter - REQUEST-STATUS{200}-REQUEST-MESSAGE{6}
2025-05-12 10:14:38 - ProxyTimeout_13b8169c_676c_43e0_bb64_038a62c64d3f_passive_get_counter - REQUEST-STATUS{200}-REQUEST-MESSAGE{6}
2025-05-12 10:14:38 - ProxyTimeout_13b8169c_676c_43e0_bb64_038a62c64d3f_passive_incr_counter failed due to IOException: Read timed out
2025-05-12 10:14:38 - ProxyTimeout_13b8169c_676c_43e0_bb64_038a62c64d3f_passive_get_counter - REQUEST-STATUS{200}-REQUEST-MESSAGE{6}
2025-05-12 10:14:39 - ProxyTimeout_13b8169c_676c_43e0_bb64_038a62c64d3f_passive_get_counter - REQUEST-STATUS{200}-REQUEST-MESSAGE{6}
2025-05-12 10:14:43 - ProxyTimeout_13b8169c_676c_43e0_bb64_038a62c64d3f_passive_incr_counter failed due to IOException: Read timed out
2025-05-12 10:14:44 - ProxyTimeout_13b8169c_676c_43e0_bb64_038a62c64d3f_passive_incr_counter - REQUEST-STATUS{200}-REQUEST-MESSAGE{Counter incremented.}
2025-05-12 10:14:44 - ProxyTimeout_13b8169c_676c_43e0_bb64_038a62c64d3f_passive_incr_counter - REQUEST-STATUS{200}-REQUEST-MESSAGE{Counter incremented.}
2025-05-12 10:14:44 - ProxyTimeout_13b8169c_676c_43e0_bb64_038a62c64d3f_passive_get_counter failed due to IOException: Read timed out
2025-05-12 10:14:45 - ProxyTimeout_13b8169c_676c_43e0_bb64_038a62c64d3f_passive_incr_counter - REQUEST-STATUS{200}-REQUEST-MESSAGE{Counter incremented.}
2025-05-12 10:14:45 - ProxyTimeout_13b8169c_676c_43e0_bb64_038a62c64d3f_passive_get_counter - REQUEST-STATUS{200}-REQUEST-MESSAGE{9}
2025-05-12 10:14:46 - ProxyTimeout_13b8169c_676c_43e0_bb64_038a62c64d3f_passive_incr_counter - REQUEST-STATUS{200}-REQUEST-MESSAGE{Counter incremented.}
2025-05-12 10:14:50 - ProxyTimeout_13b8169c_676c_43e0_bb64_038a62c64d3f_passive_get_counter failed due to IOException: Read timed out
2025-05-12 10:14:51 - ProxyTimeout_13b8169c_676c_43e0_bb64_038a62c64d3f_passive_incr_counter failed due to IOException: Read timed out
2025-05-12 10:14:55 - ProxyTimeout_13b8169c_676c_43e0_bb64_038a62c64d3f_passive_get_counter failed due to IOException: Read timed out
2025-05-12 10:14:56 - ProxyTimeout_13b8169c_676c_43e0_bb64_038a62c64d3f_passive_incr_counter failed due to IOException: Read timed out
2025-05-12 10:15:00 - ProxyTimeout_13b8169c_676c_43e0_bb64_038a62c64d3f_passive_get_counter failed due to IOException: Read timed out
2025-05-12 10:15:01 - ProxyTimeout_13b8169c_676c_43e0_bb64_038a62c64d3f_passive_incr_counter failed due to IOException: Read timed out
2025-05-12 10:15:05 - ProxyTimeout_13b8169c_676c_43e0_bb64_038a62c64d3f_passive_get_counter failed due to IOException: Read timed out
2025-05-12 10:15:06 - ProxyTimeout_13b8169c_676c_43e0_bb64_038a62c64d3f_passive_incr_counter failed due to IOException: Read timed out
2025-05-12 10:15:10 - ProxyTimeout_13b8169c_676c_43e0_bb64_038a62c64d3f_passive_get_counter failed due to IOException: Read timed out
2025-05-12 10:15:11 - ProxyTimeout_13b8169c_676c_43e0_bb64_038a62c64d3f_passive_incr_counter failed due to IOException: Read timed out
2025-05-12 10:15:15 - ProxyTimeout_13b8169c_676c_43e0_bb64_038a62c64d3f_passive_get_counter failed due to IOException: Read timed out
2025-05-12 10:15:16 - ProxyTimeout_13b8169c_676c_43e0_bb64_038a62c64d3f_passive_incr_counter failed due to IOException: Read timed out
2025-05-12 10:15:20 - ProxyTimeout_13b8169c_676c_43e0_bb64_038a62c64d3f_passive_get_counter failed due to IOException: Read timed out
2025-05-12 10:15:20 - Thread ProxyTimeout_13b8169c_676c_43e0_bb64_038a62c64d3f_passive_get_counter finished!
2025-05-12 10:15:21 - ProxyTimeout_13b8169c_676c_43e0_bb64_038a62c64d3f_passive_incr_counter failed due to IOException: Read timed out
2025-05-12 10:15:26 - ProxyTimeout_13b8169c_676c_43e0_bb64_038a62c64d3f_passive_incr_counter failed due to IOException: Read timed out
2025-05-12 10:15:31 - ProxyTimeout_13b8169c_676c_43e0_bb64_038a62c64d3f_passive_incr_counter failed due to IOException: Read timed out
2025-05-12 10:15:36 - ProxyTimeout_13b8169c_676c_43e0_bb64_038a62c64d3f_passive_incr_counter failed due to IOException: Read timed out
2025-05-12 10:15:41 - ProxyTimeout_13b8169c_676c_43e0_bb64_038a62c64d3f_passive_incr_counter failed due to IOException: Read timed out
2025-05-12 10:15:46 - ProxyTimeout_13b8169c_676c_43e0_bb64_038a62c64d3f_passive_incr_counter failed due to IOException: Read timed out
2025-05-12 10:15:51 - ProxyTimeout_13b8169c_676c_43e0_bb64_038a62c64d3f_passive_incr_counter failed due to IOException: Read timed out
2025-05-12 10:15:51 - Thread ProxyTimeout_13b8169c_676c_43e0_bb64_038a62c64d3f_passive_incr_counter finished!
