2025-05-12 10:14:28 - Thread ProxyTimeout_13b8169c_676c_43e0_bb64_038a62c64d3f_passive_incr_counter started!
2025-05-12 10:14:33 - ProxyTimeout_13b8169c_676c_43e0_bb64_038a62c64d3f_passive_incr_counter failed due to IOException: Read timed out
2025-05-12 10:14:38 - ProxyTimeout_13b8169c_676c_43e0_bb64_038a62c64d3f_passive_incr_counter failed due to IOException: Read timed out
2025-05-12 10:14:43 - ProxyTimeout_13b8169c_676c_43e0_bb64_038a62c64d3f_passive_incr_counter failed due to IOException: Read timed out
2025-05-12 10:14:44 - ProxyTimeout_13b8169c_676c_43e0_bb64_038a62c64d3f_passive_incr_counter - REQUEST-STATUS{200}-REQUEST-MESSAGE{Counter incremented.}
2025-05-12 10:14:44 - ProxyTimeout_13b8169c_676c_43e0_bb64_038a62c64d3f_passive_incr_counter - REQUEST-STATUS{200}-REQUEST-MESSAGE{Counter incremented.}
2025-05-12 10:14:44 - ProxyTimeout_13b8169c_676c_43e0_bb64_038a62c64d3f_passive_get_counter failed due to IOException: Read timed out
2025-05-12 10:14:45 - ProxyTimeout_13b8169c_676c_43e0_bb64_038a62c64d3f_passive_incr_counter - REQUEST-STATUS{200}-REQUEST-MESSAGE{Counter incremented.}
2025-05-12 10:14:46 - ProxyTimeout_13b8169c_676c_43e0_bb64_038a62c64d3f_passive_incr_counter - REQUEST-STATUS{200}-REQUEST-MESSAGE{Counter incremented.}
2025-05-12 10:14:51 - ProxyTimeout_13b8169c_676c_43e0_bb64_038a62c64d3f_passive_incr_counter failed due to IOException: Read timed out
2025-05-12 10:14:51 - ProxyTimeout_13b8169c_676c_43e0_bb64_038a62c64d3f_passive_incr_counter failed due to IOException: Read timed out
2025-05-12 10:14:51 - ProxyTimeout_13b8169c_676c_43e0_bb64_038a62c64d3f_passive_incr_counter failed due to IOException: Read timed out
2025-05-12 10:14:51 - ProxyTimeout_13b8169c_676c_43e0_bb64_038a62c64d3f_passive_incr_counter failed due to IOException: Read timed out
2025-05-12 10:14:51 - ProxyTimeout_13b8169c_676c_43e0_bb64_038a62c64d3f_passive_incr_counter failed due to IOException: Read timed out
2025-05-12 10:14:51 - ProxyTimeout_13b8169c_676c_43e0_bb64_038a62c64d3f_passive_incr_counter failed due to IOException: Read timed out
2025-05-12 10:14:51 - ProxyTimeout_13b8169c_676c_43e0_bb64_038a62c64d3f_passive_incr_counter failed due to IOException: Read timed out
2025-05-12 10:14:51 - ProxyTimeout_13b8169c_676c_43e0_bb64_038a62c64d3f_passive_incr_counter failed due to IOException: Read timed out
2025-05-12 10:14:51 - ProxyTimeout_13b8169c_676c_43e0_bb64_038a62c64d3f_passive_incr_counter failed due to IOException: Read timed out
2025-05-12 10:14:51 - ProxyTimeout_13b8169c_676c_43e0_bb64_038a62c64d3f_passive_incr_counter failed due to IOException: Read timed out
2025-05-12 10:14:51 - ProxyTimeout_13b8169c_676c_43e0_bb64_038a62c64d3f_passive_incr_counter failed due to IOException: Read timed out
2025-05-12 10:14:51 - ProxyTimeout_13b8169c_676c_43e0_bb64_038a62c64d3f_passive_incr_counter failed due to IOException: Read timed out
2025-05-12 10:14:51 - ProxyTimeout_13b8169c_676c_43e0_bb64_038a62c64d3f_passive_incr_counter failed due to IOException: Read timed out
2025-05-12 10:15:51 - Thread ProxyTimeout_13b8169c_676c_43e0_bb64_038a62c64d3f_passive_incr_counter finished!
