2025-05-12 09:41:04 - Thread ProxyTimeout_89d6b851_c79d_4bee_a1f2_6a082c5adeaf_passive_db started!
2025-05-12 09:41:09 - ProxyTimeout_89d6b851_c79d_4bee_a1f2_6a082c5adeaf_passive_db - REQUEST-STATUS{400}-REQUEST-MESSAGE{[SQL-ERROR] Der Verbindungsversuch schlug fehl.}
2025-05-12 09:41:11 - ProxyTimeout_89d6b851_c79d_4bee_a1f2_6a082c5adeaf_passive_db - REQUEST-STATUS{200}-REQUEST-MESSAGE{1, Simon|2, Yannick|3, Sven|4, Peter|5, Christine|}
2025-05-12 09:41:12 - ProxyTimeout_89d6b851_c79d_4bee_a1f2_6a082c5adeaf_passive_db - REQUEST-STATUS{200}-REQUEST-MESSAGE{1, Simon|2, Yannick|3, Sven|4, Peter|5, Christine|}
2025-05-12 09:41:14 - ProxyTimeout_89d6b851_c79d_4bee_a1f2_6a082c5adeaf_passive_db - REQUEST-STATUS{200}-REQUEST-MESSAGE{1, Simon|2, Yannick|3, Sven|4, Peter|5, Christine|}
2025-05-12 09:41:15 - ProxyTimeout_89d6b851_c79d_4bee_a1f2_6a082c5adeaf_passive_db - REQUEST-STATUS{200}-REQUEST-MESSAGE{1, Simon|2, Yannick|3, Sven|4, Peter|5, Christine|}
2025-05-12 09:41:17 - ProxyTimeout_89d6b851_c79d_4bee_a1f2_6a082c5adeaf_passive_db - REQUEST-STATUS{200}-REQUEST-MESSAGE{1, Simon|2, Yannick|3, Sven|4, Peter|5, Christine|}
2025-05-12 09:52:18 - ProxyTimeout_89d6b851_c79d_4bee_a1f2_6a082c5adeaf_passive_db - REQUEST-STATUS{400}-REQUEST-MESSAGE{[SQL-ERROR] Der Verbindungsversuch schlug fehl.}
2025-05-12 09:52:18 - ProxyTimeout_89d6b851_c79d_4bee_a1f2_6a082c5adeaf_passive_db - REQUEST-STATUS{400}-REQUEST-MESSAGE{[SQL-ERROR] Connection to localhost:5433 refused. Check that the hostname and port are correct and that the postmaster is accepting TCP/IP connections.}
2025-05-12 09:52:18 - ProxyTimeout_89d6b851_c79d_4bee_a1f2_6a082c5adeaf_passive_db - REQUEST-STATUS{400}-REQUEST-MESSAGE{[SQL-ERROR] Connection to localhost:5433 refused. Check that the hostname and port are correct and that the postmaster is accepting TCP/IP connections.}
2025-05-12 09:52:18 - ProxyTimeout_89d6b851_c79d_4bee_a1f2_6a082c5adeaf_passive_db - REQUEST-STATUS{400}-REQUEST-MESSAGE{[SQL-ERROR] Connection to localhost:5433 refused. Check that the hostname and port are correct and that the postmaster is accepting TCP/IP connections.}
2025-05-12 09:52:18 - ProxyTimeout_89d6b851_c79d_4bee_a1f2_6a082c5adeaf_passive_db - REQUEST-STATUS{400}-REQUEST-MESSAGE{[SQL-ERROR] Connection to localhost:5433 refused. Check that the hostname and port are correct and that the postmaster is accepting TCP/IP connections.}
2025-05-12 09:52:18 - ProxyTimeout_89d6b851_c79d_4bee_a1f2_6a082c5adeaf_passive_db - REQUEST-STATUS{400}-REQUEST-MESSAGE{[SQL-ERROR] Connection to localhost:5433 refused. Check that the hostname and port are correct and that the postmaster is accepting TCP/IP connections.}
2025-05-12 09:52:18 - ProxyTimeout_89d6b851_c79d_4bee_a1f2_6a082c5adeaf_passive_db - REQUEST-STATUS{400}-REQUEST-MESSAGE{[SQL-ERROR] Connection to localhost:5433 refused. Check that the hostname and port are correct and that the postmaster is accepting TCP/IP connections.}
2025-05-12 09:52:18 - ProxyTimeout_89d6b851_c79d_4bee_a1f2_6a082c5adeaf_passive_db - REQUEST-STATUS{400}-REQUEST-MESSAGE{[SQL-ERROR] Connection to localhost:5433 refused. Check that the hostname and port are correct and that the postmaster is accepting TCP/IP connections.}
2025-05-12 09:52:18 - ProxyTimeout_89d6b851_c79d_4bee_a1f2_6a082c5adeaf_passive_db - REQUEST-STATUS{400}-REQUEST-MESSAGE{[SQL-ERROR] Connection to localhost:5433 refused. Check that the hostname and port are correct and that the postmaster is accepting TCP/IP connections.}
2025-05-12 09:52:18 - ProxyTimeout_89d6b851_c79d_4bee_a1f2_6a082c5adeaf_passive_db - REQUEST-STATUS{400}-REQUEST-MESSAGE{[SQL-ERROR] Connection to localhost:5433 refused. Check that the hostname and port are correct and that the postmaster is accepting TCP/IP connections.}
2025-05-12 09:52:18 - ProxyTimeout_89d6b851_c79d_4bee_a1f2_6a082c5adeaf_passive_db - REQUEST-STATUS{400}-REQUEST-MESSAGE{[SQL-ERROR] Connection to localhost:5433 refused. Check that the hostname and port are correct and that the postmaster is accepting TCP/IP connections.}
2025-05-12 09:52:18 - ProxyTimeout_89d6b851_c79d_4bee_a1f2_6a082c5adeaf_passive_db - REQUEST-STATUS{400}-REQUEST-MESSAGE{[SQL-ERROR] Connection to localhost:5433 refused. Check that the hostname and port are correct and that the postmaster is accepting TCP/IP connections.}
2025-05-12 09:52:18 - ProxyTimeout_89d6b851_c79d_4bee_a1f2_6a082c5adeaf_passive_db - REQUEST-STATUS{400}-REQUEST-MESSAGE{[SQL-ERROR] Connection to localhost:5433 refused. Check that the hostname and port are correct and that the postmaster is accepting TCP/IP connections.}
2025-05-12 09:52:18 - ProxyTimeout_89d6b851_c79d_4bee_a1f2_6a082c5adeaf_passive_db - REQUEST-STATUS{400}-REQUEST-MESSAGE{[SQL-ERROR] Connection to localhost:5433 refused. Check that the hostname and port are correct and that the postmaster is accepting TCP/IP connections.}
2025-05-12 09:52:18 - Thread ProxyTimeout_89d6b851_c79d_4bee_a1f2_6a082c5adeaf_passive_db finished!
